<?xml version="1.0" encoding="UTF-8"?>
<testsuite name="com.pragma.notification_service.infrastructure.input.rest.NotificationControllerTest" tests="1" skipped="0" failures="0" errors="0" timestamp="2025-05-04T02:43:40.667Z" hostname="MARLON-RIVERA" time="0.121">
  <properties/>
  <testcase name="sendConfirmationCode_ShouldReturnOkStatus()" classname="com.pragma.notification_service.infrastructure.input.rest.NotificationControllerTest" time="0.121"/>
  <system-out><![CDATA[]]></system-out>
  <system-err><![CDATA[]]></system-err>
</testsuite>
