<?xml version="1.0" encoding="UTF-8"?>
<testsuite name="com.pragma.notification_service.infrastructure.input.rest.NotificationControllerTest" tests="3" skipped="0" failures="0" errors="0" timestamp="2025-05-04T04:58:35.718Z" hostname="MARLON-RIVERA" time="0.076">
  <properties/>
  <testcase name="validateConfirmationCode_ShouldReturnFalse()" classname="com.pragma.notification_service.infrastructure.input.rest.NotificationControllerTest" time="0.066"/>
  <testcase name="validateConfirmationCode_ShouldReturnTrue()" classname="com.pragma.notification_service.infrastructure.input.rest.NotificationControllerTest" time="0.003"/>
  <testcase name="sendConfirmationCode_ShouldReturnOkStatus()" classname="com.pragma.notification_service.infrastructure.input.rest.NotificationControllerTest" time="0.006"/>
  <system-out><![CDATA[]]></system-out>
  <system-err><![CDATA[]]></system-err>
</testsuite>
