<?xml version="1.0" encoding="UTF-8"?>
<testsuite name="com.pragma.notification_service.infrastructure.out.jpa.adapter.NotificationAdapterJPATest" tests="2" skipped="0" failures="0" errors="0" timestamp="2025-05-04T04:58:35.803Z" hostname="MARLON-RIVERA" time="0.369">
  <properties/>
  <testcase name="sendNotification_shouldSaveNotificationAndSendSms()" classname="com.pragma.notification_service.infrastructure.out.jpa.adapter.NotificationAdapterJPATest" time="0.364"/>
  <testcase name="getConfirmationCode_shouldReturnCodeFromRepository()" classname="com.pragma.notification_service.infrastructure.out.jpa.adapter.NotificationAdapterJPATest" time="0.004"/>
  <system-out><![CDATA[]]></system-out>
  <system-err><![CDATA[]]></system-err>
</testsuite>
