<?xml version="1.0" encoding="UTF-8"?>
<testsuite name="com.pragma.notification_service.NotificationServiceApplicationTests" tests="1" skipped="0" failures="0" errors="0" timestamp="2025-05-04T04:58:34.671Z" hostname="MARLON-RIVERA" time="0.428">
  <properties/>
  <testcase name="contextLoads()" classname="com.pragma.notification_service.NotificationServiceApplicationTests" time="0.428"/>
  <system-out><![CDATA[Standard Commons Logging discovery in action with spring-jcl: please remove commons-logging.jar from classpath in order to avoid potential conflicts
23:58:28.107 [Test worker] INFO org.springframework.test.context.support.AnnotationConfigContextLoaderUtils -- Could not detect default configuration classes for test class [com.pragma.notification_service.NotificationServiceApplicationTests]: NotificationServiceApplicationTests does not declare any static, non-private, non-final, nested classes annotated with @Configuration.
23:58:28.301 [Test worker] INFO org.springframework.boot.test.context.SpringBootTestContextBootstrapper -- Found @SpringBootConfiguration com.pragma.notification_service.NotificationServiceApplication for test class com.pragma.notification_service.NotificationServiceApplicationTests

  .   ____          _            __ _ _
 /\\ / ___'_ __ _ _(_)_ __  __ _ \ \ \ \
( ( )\___ | '_ | '_| | '_ \/ _` | \ \ \ \
 \\/  ___)| |_)| | | | | || (_| |  ) ) ) )
  '  |____| .__|_| |_|_| |_\__, | / / / /
 =========|_|==============|___/=/_/_/_/

 :: Spring Boot ::                (v3.4.5)

2025-05-03T23:58:29.240-05:00  INFO 18120 --- [notification-service] [    Test worker] .p.n.NotificationServiceApplicationTests : Starting NotificationServiceApplicationTests using Java 17.0.15 with PID 18120 (started by marlon.rivera_pragma in C:\Users\marlon.rivera_pragma\Desktop\RetosTP\notification-service)
2025-05-03T23:58:29.242-05:00  INFO 18120 --- [notification-service] [    Test worker] .p.n.NotificationServiceApplicationTests : No active profile set, falling back to 1 default profile: "default"
2025-05-03T23:58:30.387-05:00  INFO 18120 --- [notification-service] [    Test worker] .s.d.r.c.RepositoryConfigurationDelegate : Bootstrapping Spring Data JPA repositories in DEFAULT mode.
2025-05-03T23:58:30.475-05:00  INFO 18120 --- [notification-service] [    Test worker] .s.d.r.c.RepositoryConfigurationDelegate : Finished Spring Data repository scanning in 74 ms. Found 1 JPA repository interface.
2025-05-03T23:58:30.716-05:00  INFO 18120 --- [notification-service] [    Test worker] o.s.cloud.context.scope.GenericScope     : BeanFactory id=1a0ac9fc-66c9-3dd0-858e-c43f847a53e0
2025-05-03T23:58:31.073-05:00  INFO 18120 --- [notification-service] [    Test worker] o.hibernate.jpa.internal.util.LogHelper  : HHH000204: Processing PersistenceUnitInfo [name: default]
2025-05-03T23:58:31.145-05:00  INFO 18120 --- [notification-service] [    Test worker] org.hibernate.Version                    : HHH000412: Hibernate ORM core version 6.6.13.Final
2025-05-03T23:58:31.193-05:00  INFO 18120 --- [notification-service] [    Test worker] o.h.c.internal.RegionFactoryInitiator    : HHH000026: Second-level cache disabled
2025-05-03T23:58:31.559-05:00  INFO 18120 --- [notification-service] [    Test worker] o.s.o.j.p.SpringPersistenceUnitInfo      : No LoadTimeWeaver setup: ignoring JPA class transformer
2025-05-03T23:58:31.588-05:00  INFO 18120 --- [notification-service] [    Test worker] com.zaxxer.hikari.HikariDataSource       : HikariPool-1 - Starting...
2025-05-03T23:58:31.896-05:00  INFO 18120 --- [notification-service] [    Test worker] com.zaxxer.hikari.pool.HikariPool        : HikariPool-1 - Added connection com.mysql.cj.jdbc.ConnectionImpl@62cf4881
2025-05-03T23:58:31.901-05:00  INFO 18120 --- [notification-service] [    Test worker] com.zaxxer.hikari.HikariDataSource       : HikariPool-1 - Start completed.
2025-05-03T23:58:32.000-05:00  INFO 18120 --- [notification-service] [    Test worker] org.hibernate.orm.connections.pooling    : HHH10001005: Database info:
	Database JDBC URL [Connecting through datasource 'HikariDataSource (HikariPool-1)']
	Database driver: undefined/unknown
	Database version: 9.3
	Autocommit mode: undefined/unknown
	Isolation level: undefined/unknown
	Minimum pool size: undefined/unknown
	Maximum pool size: undefined/unknown
2025-05-03T23:58:33.085-05:00  INFO 18120 --- [notification-service] [    Test worker] o.h.e.t.j.p.i.JtaPlatformInitiator       : HHH000489: No JTA platform available (set 'hibernate.transaction.jta.platform' to enable JTA platform integration)
2025-05-03T23:58:33.132-05:00  INFO 18120 --- [notification-service] [    Test worker] j.LocalContainerEntityManagerFactoryBean : Initialized JPA EntityManagerFactory for persistence unit 'default'
2025-05-03T23:58:33.577-05:00  WARN 18120 --- [notification-service] [    Test worker] JpaBaseConfiguration$JpaWebConfiguration : spring.jpa.open-in-view is enabled by default. Therefore, database queries may be performed during view rendering. Explicitly configure spring.jpa.open-in-view to disable this warning
2025-05-03T23:58:33.601-05:00  WARN 18120 --- [notification-service] [    Test worker] .s.s.UserDetailsServiceAutoConfiguration : 

Using generated security password: b546183b-d457-4b4d-a89f-ab08e7088e94

This generated password is for development use only. Your security configuration must be updated before running your application in production.

2025-05-03T23:58:33.619-05:00  INFO 18120 --- [notification-service] [    Test worker] r$InitializeUserDetailsManagerConfigurer : Global AuthenticationManager configured with UserDetailsService bean with name inMemoryUserDetailsManager
2025-05-03T23:58:34.648-05:00  INFO 18120 --- [notification-service] [    Test worker] .p.n.NotificationServiceApplicationTests : Started NotificationServiceApplicationTests in 5.982 seconds (process running for 7.947)
]]></system-out>
  <system-err><![CDATA[]]></system-err>
</testsuite>
